<?xml version="1.0" encoding="UTF-8"?>
<testng-results skipped="0" failed="0" ignored="0" total="1" passed="1">
  <reporter-output>
  </reporter-output>
  <suite name="Suite" duration-ms="11399" started-at="2018-09-07T11:39:17Z" finished-at="2018-09-07T11:39:28Z">
    <groups>
    </groups>
    <test name="Test" duration-ms="11399" started-at="2018-09-07T11:39:17Z" finished-at="2018-09-07T11:39:28Z">
      <class name="com.Demo1.Maven.MVNclass">
        <test-method status="PASS" signature="test()[pri:0, instance:com.Demo1.Maven.MVNclass@12cdcf4]" name="test" duration-ms="11359" started-at="2018-09-07T11:39:17Z" finished-at="2018-09-07T11:39:28Z">
          <reporter-output>
          </reporter-output>
        </test-method> <!-- test -->
      </class> <!-- com.Demo1.Maven.MVNclass -->
    </test> <!-- Test -->
  </suite> <!-- Suite -->
</testng-results>
