<?xml version="1.0" encoding="UTF-8"?>
<testng-results skipped="0" failed="0" ignored="0" total="1" passed="1">
  <reporter-output>
  </reporter-output>
  <suite name="Suite" duration-ms="51" started-at="2018-09-07T11:15:42Z" finished-at="2018-09-07T11:15:43Z">
    <groups>
    </groups>
    <test name="Test" duration-ms="51" started-at="2018-09-07T11:15:42Z" finished-at="2018-09-07T11:15:43Z">
      <class name="com.Demo1.Maven.MVNclass">
        <test-method status="PASS" signature="simple()[pri:0, instance:com.Demo1.Maven.MVNclass@60285225]" name="simple" duration-ms="15" started-at="2018-09-07T11:15:42Z" finished-at="2018-09-07T11:15:43Z">
          <reporter-output>
          </reporter-output>
        </test-method> <!-- simple -->
      </class> <!-- com.Demo1.Maven.MVNclass -->
    </test> <!-- Test -->
  </suite> <!-- Suite -->
</testng-results>
